<?xml version="1.0" encoding="UTF-8"?>
<testsuite name="memory.MemoryFinderTest" tests="1" skipped="0" failures="0" errors="0" timestamp="2024-06-09T14:50:59" hostname="Aidens-MacBook-Pro.local" time="0.048">
  <properties/>
  <testcase name="get()" classname="memory.MemoryFinderTest" time="0.048"/>
  <system-out><![CDATA[memory = Memory{used=14955968, max=536870912}
]]></system-out>
  <system-err><![CDATA[]]></system-err>
</testsuite>
